# JRE version: Java(TM) SE Runtime Environment (8.0_211-b12) (build 1.8.0_211-b12)
# Java VM: Java HotSpot(TM) 64-Bit Server VM (25.211-b12 mixed mode windows-amd64 compressed oops)
Heap:
 PSYoungGen      total 137728K, used 24356K [0x00000000d5d80000, 0x00000000e0180000, 0x0000000100000000)
  eden space 129024K, 18% used [0x00000000d5d80000,0x00000000d75490d8,0x00000000ddb80000)
  from space 8704K, 0% used [0x00000000ddb80000,0x00000000ddb80000,0x00000000de400000)
  to   space 8704K, 0% used [0x00000000df900000,0x00000000df900000,0x00000000e0180000)
 ParOldGen       total 59904K, used 16535K [0x0000000081800000, 0x0000000085280000, 0x00000000d5d80000)
  object space 59904K, 27% used [0x0000000081800000,0x0000000082825dd8,0x0000000085280000)
 Metaspace       used 50917K, capacity 53576K, committed 53800K, reserved 1097728K
  class space    used 7160K, capacity 7620K, committed 7720K, reserved 1048576K
GC Heap History (10 events):
Event: 10.291 GC heap before
{Heap before GC invocations=14 (full 3):
 PSYoungGen      total 137728K, used 129024K [0x00000000d5d80000, 0x00000000e0180000, 0x0000000100000000)
  eden space 129024K, 100% used [0x00000000d5d80000,0x00000000ddb80000,0x00000000ddb80000)
  from space 8704K, 0% used [0x00000000df900000,0x00000000df900000,0x00000000e0180000)
  to   space 8704K, 0% used [0x00000000ddb80000,0x00000000ddb80000,0x00000000de400000)
 ParOldGen       total 59904K, used 21991K [0x0000000081800000, 0x0000000085280000, 0x00000000d5d80000)
  object space 59904K, 36% used [0x0000000081800000,0x0000000082d79d78,0x0000000085280000)
 Metaspace       used 49623K, capacity 51846K, committed 52264K, reserved 1095680K
  class space    used 6930K, capacity 7345K, committed 7464K, reserved 1048576K
Event: 10.298 GC heap after
Heap after GC invocations=14 (full 3):
 PSYoungGen      total 137728K, used 8675K [0x00000000d5d80000, 0x00000000e0180000, 0x0000000100000000)
  eden space 129024K, 0% used [0x00000000d5d80000,0x00000000d5d80000,0x00000000ddb80000)
  from space 8704K, 99% used [0x00000000ddb80000,0x00000000de3f8d48,0x00000000de400000)
  to   space 8704K, 0% used [0x00000000df900000,0x00000000df900000,0x00000000e0180000)
 ParOldGen       total 59904K, used 22824K [0x0000000081800000, 0x0000000085280000, 0x00000000d5d80000)
  object space 59904K, 38% used [0x0000000081800000,0x0000000082e4a068,0x0000000085280000)
 Metaspace       used 49623K, capacity 51846K, committed 52264K, reserved 1095680K
  class space    used 6930K, capacity 7345K, committed 7464K, reserved 1048576K
}
Event: 10.409 GC heap before
{Heap before GC invocations=15 (full 3):
 PSYoungGen      total 137728K, used 25968K [0x00000000d5d80000, 0x00000000e0180000, 0x0000000100000000)
  eden space 129024K, 13% used [0x00000000d5d80000,0x00000000d6e636a8,0x00000000ddb80000)
  from space 8704K, 99% used [0x00000000ddb80000,0x00000000de3f8d48,0x00000000de400000)
  to   space 8704K, 0% used [0x00000000df900000,0x00000000df900000,0x00000000e0180000)
 ParOldGen       total 59904K, used 22824K [0x0000000081800000, 0x0000000085280000, 0x00000000d5d80000)
  object space 59904K, 38% used [0x0000000081800000,0x0000000082e4a068,0x0000000085280000)
 Metaspace       used 50587K, capacity 53110K, committed 53160K, reserved 1099776K
  class space    used 7080K, capacity 7551K, committed 7592K, reserved 1048576K
Event: 10.413 GC heap after
Heap after GC invocations=15 (full 3):
 PSYoungGen      total 137728K, used 3772K [0x00000000d5d80000, 0x00000000e0180000, 0x0000000100000000)
  eden space 129024K, 0% used [0x00000000d5d80000,0x00000000d5d80000,0x00000000ddb80000)
  from space 8704K, 43% used [0x00000000df900000,0x00000000dfcaf190,0x00000000e0180000)
  to   space 8704K, 0% used [0x00000000ddb80000,0x00000000ddb80000,0x00000000de400000)
 ParOldGen       total 59904K, used 22832K [0x0000000081800000, 0x0000000085280000, 0x00000000d5d80000)
  object space 59904K, 38% used [0x0000000081800000,0x0000000082e4c068,0x0000000085280000)
 Metaspace       used 50587K, capacity 53110K, committed 53160K, reserved 1099776K
  class space    used 7080K, capacity 7551K, committed 7592K, reserved 1048576K
}
Event: 10.413 GC heap before
{Heap before GC invocations=16 (full 4):
 PSYoungGen      total 137728K, used 3772K [0x00000000d5d80000, 0x00000000e0180000, 0x0000000100000000)
  eden space 129024K, 0% used [0x00000000d5d80000,0x00000000d5d80000,0x00000000ddb80000)
  from space 8704K, 43% used [0x00000000df900000,0x00000000dfcaf190,0x00000000e0180000)
  to   space 8704K, 0% used [0x00000000ddb80000,0x00000000ddb80000,0x00000000de400000)
 ParOldGen       total 59904K, used 22832K [0x0000000081800000, 0x0000000085280000, 0x00000000d5d80000)
  object space 59904K, 38% used [0x0000000081800000,0x0000000082e4c068,0x0000000085280000)
 Metaspace       used 50587K, capacity 53110K, committed 53160K, reserved 1099776K
  class space    used 7080K, capacity 7551K, committed 7592K, reserved 1048576K
Event: 10.473 GC heap after
Heap after GC invocations=16 (full 4):
 PSYoungGen      total 137728K, used 0K [0x00000000d5d80000, 0x00000000e0180000, 0x0000000100000000)
  eden space 129024K, 0% used [0x00000000d5d80000,0x00000000d5d80000,0x00000000ddb80000)
  from space 8704K, 0% used [0x00000000df900000,0x00000000df900000,0x00000000e0180000)
  to   space 8704K, 0% used [0x00000000ddb80000,0x00000000ddb80000,0x00000000de400000)
 ParOldGen       total 59904K, used 20231K [0x0000000081800000, 0x0000000085280000, 0x00000000d5d80000)
  object space 59904K, 33% used [0x0000000081800000,0x0000000082bc1ec0,0x0000000085280000)
 Metaspace       used 50587K, capacity 53110K, committed 53160K, reserved 1097728K
  class space    used 7080K, capacity 7551K, committed 7592K, reserved 1048576K
}
Event: 10.473 GC heap before
{Heap before GC invocations=17 (full 4):
 PSYoungGen      total 137728K, used 0K [0x00000000d5d80000, 0x00000000e0180000, 0x0000000100000000)
  eden space 129024K, 0% used [0x00000000d5d80000,0x00000000d5d80000,0x00000000ddb80000)
  from space 8704K, 0% used [0x00000000df900000,0x00000000df900000,0x00000000e0180000)
  to   space 8704K, 0% used [0x00000000ddb80000,0x00000000ddb80000,0x00000000de400000)
 ParOldGen       total 59904K, used 20231K [0x0000000081800000, 0x0000000085280000, 0x00000000d5d80000)
  object space 59904K, 33% used [0x0000000081800000,0x0000000082bc1ec0,0x0000000085280000)
 Metaspace       used 50587K, capacity 53110K, committed 53160K, reserved 1101824K
  class space    used 7080K, capacity 7551K, committed 7592K, reserved 1048576K
Event: 10.475 GC heap after
Heap after GC invocations=17 (full 4):
 PSYoungGen      total 137728K, used 0K [0x00000000d5d80000, 0x00000000e0180000, 0x0000000100000000)
  eden space 129024K, 0% used [0x00000000d5d80000,0x00000000d5d80000,0x00000000ddb80000)
  from space 8704K, 0% used [0x00000000ddb80000,0x00000000ddb80000,0x00000000de400000)
  to   space 8704K, 0% used [0x00000000df900000,0x00000000df900000,0x00000000e0180000)
 ParOldGen       total 59904K, used 20231K [0x0000000081800000, 0x0000000085280000, 0x00000000d5d80000)
  object space 59904K, 33% used [0x0000000081800000,0x0000000082bc1ec0,0x0000000085280000)
 Metaspace       used 50587K, capacity 53110K, committed 53160K, reserved 1101824K
  class space    used 7080K, capacity 7551K, committed 7592K, reserved 1048576K
}
Event: 10.475 GC heap before
{Heap before GC invocations=18 (full 5):
 PSYoungGen      total 137728K, used 0K [0x00000000d5d80000, 0x00000000e0180000, 0x0000000100000000)
  eden space 129024K, 0% used [0x00000000d5d80000,0x00000000d5d80000,0x00000000ddb80000)
  from space 8704K, 0% used [0x00000000ddb80000,0x00000000ddb80000,0x00000000de400000)
  to   space 8704K, 0% used [0x00000000df900000,0x00000000df900000,0x00000000e0180000)
 ParOldGen       total 59904K, used 20231K [0x0000000081800000, 0x0000000085280000, 0x00000000d5d80000)
  object space 59904K, 33% used [0x0000000081800000,0x0000000082bc1ec0,0x0000000085280000)
 Metaspace       used 50587K, capacity 53110K, committed 53160K, reserved 1101824K
  class space    used 7080K, capacity 7551K, committed 7592K, reserved 1048576K
Event: 10.620 GC heap after
Heap after GC invocations=18 (full 5):
 PSYoungGen      total 137728K, used 0K [0x00000000d5d80000, 0x00000000e0180000, 0x0000000100000000)
  eden space 129024K, 0% used [0x00000000d5d80000,0x00000000d5d80000,0x00000000ddb80000)
  from space 8704K, 0% used [0x00000000ddb80000,0x00000000ddb80000,0x00000000de400000)
  to   space 8704K, 0% used [0x00000000df900000,0x00000000df900000,0x00000000e0180000)
 ParOldGen       total 59904K, used 16535K [0x0000000081800000, 0x0000000085280000, 0x00000000d5d80000)
  object space 59904K, 27% used [0x0000000081800000,0x0000000082825dd8,0x0000000085280000)
 Metaspace       used 50420K, capacity 52842K, committed 53160K, reserved 1097728K
  class space    used 7052K, capacity 7501K, committed 7592K, reserved 1048576K
}

